make all --print-data-base --no-builtin-variables --no-builtin-rules --question
# GNU Make 4.2.1
# Built for x86_64-pc-linux-gnu
# Copyright (C) 1988-2016 Free Software Foundation, Inc.
# License GPLv3+: GNU GPL version 3 or later <http://gnu.org/licenses/gpl.html>
# This is free software: you are free to change and redistribute it.
# There is NO WARRANTY, to the extent permitted by law.

# Make data base, printed on Wed Apr 21 19:17:30 2021

# Variables

# 'override' directive
 
GNUMAKEFLAGS := 
# automatic
<D = $(patsubst %/,%,$(dir $<))
# automatic
?F = $(notdir $?)
# environment
DESKTOP_SESSION = ubuntu
# default
.SHELLFLAGS := -c
# environment
XDG_SESSION_CLASS = user
# environment
SNAP_COMMON = /var/snap/code/common
# environment
XDG_SESSION_TYPE = x11
# environment
VSCODE_LOG_NATIVE = false
# automatic
?D = $(patsubst %/,%,$(dir $?))
# environment
IM_CONFIG_PHASE = 1
# automatic
@D = $(patsubst %/,%,$(dir $@))
# environment
XAUTHORITY = /run/user/1000/gdm/Xauthority
# environment
GDMSESSION = ubuntu
# environment
XMODIFIERS = @im=ibus
# makefile
CURDIR := /home/hyim/os-memsim
# makefile
SHELL = /bin/sh
# environment
SNAP_DATA = /var/snap/code/62
# environment
VSCODE_NLS_CONFIG = {"locale":"en-us","availableLanguages":{},"_languagePackSupport":true}
# environment
JOURNAL_STREAM = 8:36408
# environment
XDG_CONFIG_DIRS = /etc/xdg/xdg-ubuntu:/etc/xdg
# environment
SNAP_INSTANCE_NAME = code
# environment
SNAP_ARCH = amd64
# makefile (from 'Makefile', line 1)
MAKEFILE_LIST :=  Makefile
# automatic
@F = $(notdir $@)
# environment
GIO_LAUNCHED_DESKTOP_FILE = /var/lib/snapd/desktop/applications/code_code.desktop
# environment
USERNAME = hyim
# makefile (from 'Makefile', line 2)
CXXFLAGS = -std=c++11
# environment
XDG_DATA_DIRS = /usr/share/ubuntu:/usr/local/share/:/usr/share/:/var/lib/snapd/desktop
# environment
DBUS_SESSION_BUS_ADDRESS = unix:path=/run/user/1000/bus
# environment
VSCODE_VERBOSE_LOGGING = true
# environment
_ = /snap/code/62/usr/share/code/code
# makefile (from 'Makefile', line 11)
OBJS = $(addprefix $(OBJDIR)/, main.o mmu.o pagetable.o)
# environment
MANAGERPID = 1485
# environment
LESSOPEN = | /usr/bin/lesspipe %s
# makefile (from 'Makefile', line 15)
mkdirs := 
# environment
VSCODE_CWD = /home/hyim
# environment
GSETTINGS_SCHEMA_DIR = /snap/code/62/usr/share/glib-2.0/schemas
# default
MAKE_HOST := x86_64-pc-linux-gnu
# environment
PATH = /usr/local/sbin:/usr/local/bin:/usr/sbin:/usr/bin:/sbin:/bin:/usr/games:/usr/local/games:/snap/bin
# environment
GPG_AGENT_INFO = /run/user/1000/gnupg/S.gpg-agent:0:1
# environment
SESSION_MANAGER = local/hyim:@/tmp/.ICE-unix/1776,unix/hyim:/tmp/.ICE-unix/1776
# environment
XDG_RUNTIME_DIR = /run/user/1000
# environment
GDK_PIXBUF_MODULE_FILE = /home/hyim/snap/code/common/.cache/gdk-pixbuf-loaders.cache
# environment
SNAP = /snap/code/62
# environment
SNAP_VERSION = 3c4e3df9
# environment
XDG_MENU_PREFIX = gnome-
# environment
VSCODE_LOG_STACK = false
# environment
DISABLE_WAYLAND = 1
# environment
VSCODE_CRASH_REPORTER_START_OPTIONS = {"companyName":"Microsoft","productName":"VSCode","submitURL":"appcenter://code?aid=fba07a4d-84bd-4fc8-a125-9640fc8ce171&uid=ffc85447-5733-4f72-a497-992a2d2e4bda&iid=ffc85447-5733-4f72-a497-992a2d2e4bda&sid=ffc85447-5733-4f72-a497-992a2d2e4bda","uploadToServer":true}
# environment
INVOCATION_ID = d694f488c4c247c084c4101541293e2e
# environment
GDK_PIXBUF_MODULEDIR = /snap/code/62/usr/lib/x86_64-linux-gnu/gdk-pixbuf-2.0/2.10.0/loaders
# makefile (from 'Makefile', line 5)
LIB = 
# default
.FEATURES := target-specific order-only second-expansion else-if shortest-stem undefine oneshell archives jobserver output-sync check-symlink load
# environment
LS_COLORS = 
# environment
XDG_SESSION_DESKTOP = ubuntu
# environment
SSH_AUTH_SOCK = /run/user/1000/keyring/ssh
# environment
GIO_LAUNCHED_DESKTOP_FILE_PID = 2691
# automatic
%F = $(notdir $%)
# environment
DISPLAY = :0
# makefile (from 'Makefile', line 7)
SRCDIR = src
# environment
VSCODE_PIPE_LOGGING = true
# environment
SNAP_INSTANCE_KEY = 
# environment
PWD = /home/hyim/os-memsim
# default
.LOADED := 
# environment
SSH_AGENT_PID = 1701
# environment
ORIGINAL_XDG_CURRENT_DESKTOP = ubuntu:GNOME
# environment
GTK_MODULES = gail:atk-bridge
# environment
VSCODE_AMD_ENTRYPOINT = vs/workbench/services/extensions/node/extensionHostProcess
# environment
HOME = /home/hyim
# environment
LESSCLOSE = /usr/bin/lesspipe %s %s
# environment
VSCODE_CLI = 1
# environment
LOGNAME = hyim
# environment
APPLICATION_INSIGHTS_NO_DIAGNOSTIC_CHANNEL = true
# environment
SNAP_LIBRARY_PATH = /var/lib/snapd/lib/gl:/var/lib/snapd/lib/gl32:/var/lib/snapd/void
# environment
SNAP_CONTEXT = BndKEU2UH_AtvMSQZ9syNpLpa-H5neZ5QtIh0-0xAzL5xBDYidxR
# environment
SNAP_USER_COMMON = /home/hyim/snap/code/common
# environment
VSCODE_HANDLES_UNCAUGHT_ERRORS = true
# environment
GNOME_DESKTOP_SESSION_ID = this-is-deprecated
# automatic
^D = $(patsubst %/,%,$(dir $^))
# environment
MAKELEVEL := 0
# environment
SNAP_REAL_HOME = /home/hyim
# default
MAKE = $(MAKE_COMMAND)
# default
MAKECMDGOALS := all
# environment
QT_IM_MODULE = ibus
# environment
SNAP_USER_DATA = /home/hyim/snap/code/62
# environment
SHLVL = 0
# makefile (from 'Makefile', line 9)
BINDIR = bin
# environment
GNOME_SHELL_SESSION_MODE = ubuntu
# environment
VSCODE_IPC_HOOK_EXTHOST = /run/user/1000/vscode-ipc-a89d291d-c50c-40b0-8dec-8bea872ed8f9.sock
# makefile (from 'Makefile', line 12)
EXEC = $(addprefix $(BINDIR)/, memsim)
# default
MAKE_VERSION := 4.2.1
# environment
USER = hyim
# environment
SNAP_REVISION = 62
# makefile
.DEFAULT_GOAL := all
# makefile (from 'Makefile', line 4)
INCLUDE = -I./include
# environment
XDG_CURRENT_DESKTOP = Unity
# automatic
%D = $(patsubst %/,%,$(dir $%))
# default
MAKE_COMMAND := make
# environment
VSCODE_NODE_CACHED_DATA_DIR = /home/hyim/.config/Code/CachedData/3c4e3df9e89829dce27b7b5c24508306b151f30d
# default
.VARIABLES := 
# automatic
*F = $(notdir $*)
# environment
VSCODE_IPC_HOOK = /run/user/1000/vscode-578aebf4-1.55.2-main.sock
# environment
BAMF_DESKTOP_FILE_HINT = /var/lib/snapd/desktop/applications/code_code.desktop
# makefile
 
MAKEFLAGS = pqrR
# environment
MFLAGS = -pqrR
# automatic
*D = $(patsubst %/,%,$(dir $*))
# environment
BREAKPAD_DUMP_LOCATION = /home/hyim/.config/Code/exthost Crash Reports
# automatic
+D = $(patsubst %/,%,$(dir $+))
# automatic
+F = $(notdir $+)
# environment
QT_ACCESSIBILITY = 1
# 'override' directive
.SHELLSTATUS := 0
# default
MAKEFILES := 
# environment
SNAP_COOKIE = BndKEU2UH_AtvMSQZ9syNpLpa-H5neZ5QtIh0-0xAzL5xBDYidxR
# automatic
<F = $(notdir $<)
# environment
ELECTRON_RUN_AS_NODE = 1
# makefile (from 'Makefile', line 8)
OBJDIR = obj
# makefile (from 'Makefile', line 1)
CXX = g++
# environment
SNAP_NAME = code
# environment
ELECTRON_NO_ATTACH_CONSOLE = 1
# environment
GJS_DEBUG_TOPICS = JS ERROR;JS LOG
# automatic
^F = $(notdir $^)
# default
SUFFIXES := 
# environment
SNAP_REEXEC = 
# environment
CHROME_DESKTOP = code-url-handler.desktop
# environment
WINDOWPATH = 2
# default
.INCLUDE_DIRS = /usr/include /usr/local/include /usr/include
# environment
GJS_DEBUG_OUTPUT = stderr
# default
.RECIPEPREFIX := 
# environment
LANG = en_US.UTF-8
# environment
VSCODE_PID = 2735
# variable set hash-table stats:
# Load=131/1024=13%, Rehash=0, Collisions=27/175=15%

# Pattern-specific Variable Values

# No pattern-specific variable values.

# Directories

# . (device 2053, inode 3014660): 11 files, no impossibilities.
# src (device 2053, inode 3014753): 1 files, no impossibilities so far.

# 12 files, no impossibilities in 2 directories.

# Implicit Rules

obj/%.o: src/%.cpp
#  recipe to execute (from 'Makefile', line 25):
	$(CXX) $(CXXFLAGS) -c -o $@ $< $(INCLUDE)

# 1 implicit rules, 0 (0.0%) terminal.

# Files

all: bin/memsim
#  Command line target.
#  Implicit rule search has been done.
#  File does not exist.
#  File has been updated.
#  Needs to be updated (-q is set).
# variable set hash-table stats:
# Load=0/32=0%, Rehash=0, Collisions=0/6=0%

obj/main.o: src/main.cpp
#  Implicit rule search has been done.
#  Implicit/static pattern stem: 'main'
#  Last modified 2021-04-19 20:34:55.780446788
#  File has been updated.
#  Needs to be updated (-q is set).
# automatic
# @ := obj/main.o
# automatic
# % := 
# automatic
# * := main
# automatic
# + := src/main.cpp
# automatic
# | := 
# automatic
# < := src/main.cpp
# automatic
# ^ := src/main.cpp
# automatic
# ? := src/main.cpp
# variable set hash-table stats:
# Load=8/32=25%, Rehash=0, Collisions=2/16=12%
#  recipe to execute (from 'Makefile', line 25):
	$(CXX) $(CXXFLAGS) -c -o $@ $< $(INCLUDE)

# Not a target:
Makefile:
#  Implicit rule search has been done.
#  Last modified 2021-04-19 20:21:45.531223618
#  File has been updated.
#  Successfully updated.

# Not a target:
.DEFAULT:
#  Implicit rule search has not been done.
#  Modification time never checked.
 
#  File has not been updated.

clean:
#  Implicit rule search has not been done.
#  Modification time never checked.
#  File has not been updated.
#  recipe to execute (from 'Makefile', line 30):
	rm -f $(OBJS) $(EXEC)

# Not a target:
obj/pagetable.o:
#  Implicit rule search has not been done.
#  Modification time never checked.
#  File has not been updated.

# Not a target:
src/main.cpp:
#  Implicit rule search has been done.
#  Last modified 2021-04-19 21:04:41.354351675
#  File has been updated.
#  Successfully updated.

bin/memsim: obj/main.o obj/mmu.o obj/pagetable.o
#  Implicit rule search has not been done.
#  Last modified 2021-04-19 20:34:55.852452
#  File has been updated.
#  Needs to be updated (-q is set).
# variable set hash-table stats:
# Load=0/32=0%, Rehash=0, Collisions=0/6=0%
#  recipe to execute (from 'Makefile', line 22):
	$(CXX) $(CXXFLAGS) -o $@ $^ $(LIB)

# Not a target:
obj/mmu.o:
#  Implicit rule search has not been done.
#  Modification time never checked.
#  File has not been updated.

# files hash-table stats:
# Load=10/1024=1%, Rehash=0, Collisions=0/29=0%
# VPATH Search Paths

# No 'vpath' search paths.

# No general ('VPATH' variable) search path.

# strcache buffers: 1 (0) / strings = 26 / storage = 219 B / avg = 8 B
# current buf: size = 8162 B / used = 219 B / count = 26 / avg = 8 B

# strcache performance: lookups = 37 / hit rate = 29%
# hash-table stats:
# Load=26/8192=0%, Rehash=0, Collisions=1/37=3%
# Finished Make data base on Wed Apr 21 19:17:30 2021

 
